<?xml version="1.0" encoding="UTF-8"?>
<!-- Generated by org.testng.reporters.JUnitReportReporter -->
<testsuite skipped="0" hostname="MAVBCP733" name="com.example.angular" tests="1" failures="0" timestamp="23 Jul 2020 09:58:09 GMT" time="15.696" errors="0">
  <testcase name="Angular" time="15.696" classname="com.example.angular"/>
</testsuite> <!-- com.example.angular -->
