<?xml version="1.0" encoding="UTF-8"?>
<!-- Generated by org.testng.reporters.JUnitReportReporter -->
<testsuite skipped="0" hostname="MAVBCP733" name="com.example.GoogleIELogin" tests="1" failures="0" timestamp="23 Jul 2020 09:58:09 GMT" time="18.713" errors="0">
  <testcase name="Amazon" time="18.713" classname="com.example.GoogleIELogin"/>
</testsuite> <!-- com.example.GoogleIELogin -->
