<?xml version="1.0" encoding="UTF-8"?>
<!-- Generated by org.testng.reporters.JUnitReportReporter -->
<testsuite skipped="0" hostname="MAVBCP733" name="com.example.AmazonLogin" tests="1" failures="0" timestamp="23 Jul 2020 09:58:09 GMT" time="39.074" errors="0">
  <testcase name="Amazon" time="39.074" classname="com.example.AmazonLogin"/>
</testsuite> <!-- com.example.AmazonLogin -->
