<?xml version="1.0" encoding="UTF-8"?>
<!-- Generated by org.testng.reporters.JUnitReportReporter -->
<testsuite skipped="0" hostname="MAVBCP733" name="com.example.ParasBankLogin" tests="1" failures="0" timestamp="17 Jul 2020 16:54:13 GMT" time="23.550" errors="0">
  <testcase name="Amazon" time="23.550" classname="com.example.ParasBankLogin"/>
</testsuite> <!-- com.example.ParasBankLogin -->
